[2021-11-24 14:55:09.745] [jointLog] [info] Fragment incompatibility prior below threshold.  Incompatible fragments will be ignored.
[2021-11-24 14:55:09.745] [jointLog] [info] Usage of --validateMappings implies use of minScoreFraction. Since not explicitly specified, it is being set to 0.65
[2021-11-24 14:55:09.745] [jointLog] [info] Usage of --validateMappings implies use of range factorization. rangeFactorizationBins is being set to 4
[2021-11-24 14:55:09.745] [jointLog] [info] Usage of --validateMappings implies a default consensus slack of 1. Setting consensusSlack to 1.
[2021-11-24 14:55:09.745] [jointLog] [info] parsing read library format
[2021-11-24 14:55:09.745] [jointLog] [info] There is 1 library.
[2021-11-24 14:55:09.786] [jointLog] [info] Loading Quasi index
[2021-11-24 14:55:09.786] [jointLog] [info] Loading 32-bit quasi index
[2021-11-24 14:55:09.814] [jointLog] [info] done
[2021-11-24 14:55:09.814] [jointLog] [info] Index contained 178 targets
[2021-11-24 14:55:10.394] [jointLog] [info] Automatically detected most likely library type as SR
[2021-11-24 14:55:30.023] [jointLog] [info] Thread saw mini-batch with a maximum of 0.36% zero probability fragments
[2021-11-24 14:55:30.024] [jointLog] [info] Thread saw mini-batch with a maximum of 0.34% zero probability fragments
[2021-11-24 14:55:30.026] [jointLog] [info] Thread saw mini-batch with a maximum of 0.34% zero probability fragments
[2021-11-24 14:55:30.028] [jointLog] [info] Thread saw mini-batch with a maximum of 0.30% zero probability fragments
[2021-11-24 14:55:30.032] [jointLog] [info] Thread saw mini-batch with a maximum of 0.32% zero probability fragments
[2021-11-24 14:55:30.034] [jointLog] [info] Thread saw mini-batch with a maximum of 0.34% zero probability fragments
[2021-11-24 14:55:30.037] [jointLog] [info] Thread saw mini-batch with a maximum of 0.34% zero probability fragments
[2021-11-24 14:55:30.038] [jointLog] [info] Thread saw mini-batch with a maximum of 0.32% zero probability fragments
[2021-11-24 14:55:30.050] [jointLog] [info] Computed 194 rich equivalence classes for further processing
[2021-11-24 14:55:30.050] [jointLog] [info] Counted 1,636,003 total reads in the equivalence classes 
[2021-11-24 14:55:30.053] [jointLog] [warning] Only 1636003 fragments were mapped, but the number of burn-in fragments was set to 5000000.
The effective lengths have been computed using the observed mappings.

[2021-11-24 14:55:30.053] [jointLog] [info] Mapping rate = 6.28852%

[2021-11-24 14:55:30.053] [jointLog] [info] finished quantifyLibrary()
[2021-11-24 14:55:30.053] [jointLog] [info] Starting optimizer
[2021-11-24 14:55:30.054] [jointLog] [info] Marked 0 weighted equivalence classes as degenerate
[2021-11-24 14:55:30.054] [jointLog] [info] iteration = 0 | max rel diff. = 44362
[2021-11-24 14:55:30.056] [jointLog] [info] iteration = 100 | max rel diff. = 1.90384e-16
[2021-11-24 14:55:30.056] [jointLog] [info] Finished optimizer
[2021-11-24 14:55:30.056] [jointLog] [info] writing output 

[2021-11-24 14:55:30.050] [fileLog] [info] 
At end of round 0
==================
Observed 26015710 total fragments (26015710 in most recent round)

