[2021-11-24 14:54:50.158] [jointLog] [info] Fragment incompatibility prior below threshold.  Incompatible fragments will be ignored.
[2021-11-24 14:54:50.158] [jointLog] [info] Usage of --validateMappings implies use of minScoreFraction. Since not explicitly specified, it is being set to 0.65
[2021-11-24 14:54:50.158] [jointLog] [info] Usage of --validateMappings implies use of range factorization. rangeFactorizationBins is being set to 4
[2021-11-24 14:54:50.158] [jointLog] [info] Usage of --validateMappings implies a default consensus slack of 1. Setting consensusSlack to 1.
[2021-11-24 14:54:50.158] [jointLog] [info] parsing read library format
[2021-11-24 14:54:50.158] [jointLog] [info] There is 1 library.
[2021-11-24 14:54:50.199] [jointLog] [info] Loading Quasi index
[2021-11-24 14:54:50.199] [jointLog] [info] Loading 32-bit quasi index
[2021-11-24 14:54:50.230] [jointLog] [info] done
[2021-11-24 14:54:50.230] [jointLog] [info] Index contained 178 targets
[2021-11-24 14:54:50.830] [jointLog] [info] Automatically detected most likely library type as SR
[2021-11-24 14:55:06.923] [jointLog] [info] Thread saw mini-batch with a maximum of 0.28% zero probability fragments
[2021-11-24 14:55:06.923] [jointLog] [info] Thread saw mini-batch with a maximum of 0.28% zero probability fragments
[2021-11-24 14:55:06.926] [jointLog] [info] Thread saw mini-batch with a maximum of 0.32% zero probability fragments
[2021-11-24 14:55:06.930] [jointLog] [info] Thread saw mini-batch with a maximum of 0.28% zero probability fragments
[2021-11-24 14:55:06.937] [jointLog] [info] Thread saw mini-batch with a maximum of 0.28% zero probability fragments
[2021-11-24 14:55:06.937] [jointLog] [info] Thread saw mini-batch with a maximum of 0.32% zero probability fragments
[2021-11-24 14:55:06.940] [jointLog] [info] Thread saw mini-batch with a maximum of 0.28% zero probability fragments
[2021-11-24 14:55:06.941] [jointLog] [info] Thread saw mini-batch with a maximum of 0.34% zero probability fragments
[2021-11-24 14:55:06.951] [jointLog] [info] Computed 190 rich equivalence classes for further processing
[2021-11-24 14:55:06.951] [jointLog] [info] Counted 1,354,002 total reads in the equivalence classes 
[2021-11-24 14:55:06.954] [jointLog] [warning] Only 1354002 fragments were mapped, but the number of burn-in fragments was set to 5000000.
The effective lengths have been computed using the observed mappings.

[2021-11-24 14:55:06.954] [jointLog] [info] Mapping rate = 5.81098%

[2021-11-24 14:55:06.954] [jointLog] [info] finished quantifyLibrary()
[2021-11-24 14:55:06.954] [jointLog] [info] Starting optimizer
[2021-11-24 14:55:06.955] [jointLog] [info] Marked 0 weighted equivalence classes as degenerate
[2021-11-24 14:55:06.955] [jointLog] [info] iteration = 0 | max rel diff. = 37772.8
[2021-11-24 14:55:06.957] [jointLog] [info] iteration = 100 | max rel diff. = 1.6036e-16
[2021-11-24 14:55:06.957] [jointLog] [info] Finished optimizer
[2021-11-24 14:55:06.957] [jointLog] [info] writing output 

[2021-11-24 14:55:06.951] [fileLog] [info] 
At end of round 0
==================
Observed 23300741 total fragments (23300741 in most recent round)

