[2021-11-24 14:57:14.706] [jointLog] [info] Fragment incompatibility prior below threshold.  Incompatible fragments will be ignored.
[2021-11-24 14:57:14.706] [jointLog] [info] Usage of --validateMappings implies use of minScoreFraction. Since not explicitly specified, it is being set to 0.65
[2021-11-24 14:57:14.706] [jointLog] [info] Usage of --validateMappings implies use of range factorization. rangeFactorizationBins is being set to 4
[2021-11-24 14:57:14.706] [jointLog] [info] Usage of --validateMappings implies a default consensus slack of 1. Setting consensusSlack to 1.
[2021-11-24 14:57:14.706] [jointLog] [info] parsing read library format
[2021-11-24 14:57:14.706] [jointLog] [info] There is 1 library.
[2021-11-24 14:57:14.745] [jointLog] [info] Loading Quasi index
[2021-11-24 14:57:14.745] [jointLog] [info] Loading 32-bit quasi index
[2021-11-24 14:57:14.773] [jointLog] [info] done
[2021-11-24 14:57:14.773] [jointLog] [info] Index contained 178 targets
[2021-11-24 14:57:21.273] [jointLog] [info] Automatically detected most likely library type as SR
[2021-11-24 14:57:35.536] [jointLog] [info] Thread saw mini-batch with a maximum of 0.20% zero probability fragments
[2021-11-24 14:57:35.539] [jointLog] [info] Thread saw mini-batch with a maximum of 0.22% zero probability fragments
[2021-11-24 14:57:35.541] [jointLog] [info] Thread saw mini-batch with a maximum of 0.22% zero probability fragments
[2021-11-24 14:57:35.541] [jointLog] [info] Thread saw mini-batch with a maximum of 0.22% zero probability fragments
[2021-11-24 14:57:35.541] [jointLog] [info] Thread saw mini-batch with a maximum of 0.24% zero probability fragments
[2021-11-24 14:57:35.544] [jointLog] [info] Thread saw mini-batch with a maximum of 0.22% zero probability fragments
[2021-11-24 14:57:35.544] [jointLog] [info] Thread saw mini-batch with a maximum of 0.22% zero probability fragments
[2021-11-24 14:57:35.546] [jointLog] [info] Thread saw mini-batch with a maximum of 0.22% zero probability fragments
[2021-11-24 14:57:35.557] [jointLog] [info] Computed 186 rich equivalence classes for further processing
[2021-11-24 14:57:35.557] [jointLog] [info] Counted 130,699 total reads in the equivalence classes 
[2021-11-24 14:57:35.560] [jointLog] [warning] Only 130699 fragments were mapped, but the number of burn-in fragments was set to 5000000.
The effective lengths have been computed using the observed mappings.

[2021-11-24 14:57:35.560] [jointLog] [info] Mapping rate = 0.472672%

[2021-11-24 14:57:35.560] [jointLog] [info] finished quantifyLibrary()
[2021-11-24 14:57:35.560] [jointLog] [info] Starting optimizer
[2021-11-24 14:57:35.561] [jointLog] [info] Marked 0 weighted equivalence classes as degenerate
[2021-11-24 14:57:35.561] [jointLog] [info] iteration = 0 | max rel diff. = 3259.99
[2021-11-24 14:57:35.563] [jointLog] [info] iteration = 100 | max rel diff. = 0
[2021-11-24 14:57:35.563] [jointLog] [info] Finished optimizer
[2021-11-24 14:57:35.563] [jointLog] [info] writing output 

[2021-11-24 14:57:35.558] [fileLog] [info] 
At end of round 0
==================
Observed 27651089 total fragments (27651089 in most recent round)

